android/app/build/intermediates/manifest_merge_blame_file/debug/manifest-merger-blame-debug-report.txt
1<?xml version="1.0" encoding="utf-8"?>
2<manifest xmlns:android="http://schemas.android.com/apk/res/android"
3    package="com.awesometsproject"
4    android:versionCode="1"
5    android:versionName="1.0" >
6
7    <uses-sdk
8        android:minSdkVersion="21"
9        android:targetSdkVersion="30" />
10
11    <uses-permission android:name="android.permission.SYSTEM_ALERT_WINDOW" />
11-->src/debug/AndroidManifest.xml:5:5-77
11-->src/debug/AndroidManifest.xml:5:22-75
12    <uses-permission android:name="android.permission.INTERNET" />
12-->src/main/AndroidManifest.xml:4:5-67
12-->src/main/AndroidManifest.xml:4:22-64
13    <uses-permission android:name="android.permission.ACCESS_WIFI_STATE" />
13-->[com.facebook.flipper:flipper:0.99.0] AndroidManifest.xml:16:5-76
13-->[com.facebook.flipper:flipper:0.99.0] AndroidManifest.xml:16:22-73
14    <uses-permission android:name="android.permission.ACCESS_COARSE_LOCATION" /> <!-- Include required permissions for Google Maps API to run. -->
14-->[:react-native-maps] AndroidManifest.xml:10:5-81
14-->[:react-native-maps] AndroidManifest.xml:10:22-78
15    <uses-permission android:name="android.permission.ACCESS_NETWORK_STATE" />
15-->[com.google.android.gms:play-services-maps:17.0.0] AndroidManifest.xml:23:5-79
15-->[com.google.android.gms:play-services-maps:17.0.0] AndroidManifest.xml:23:22-76
16
17    <uses-feature
17-->[com.google.android.gms:play-services-maps:17.0.0] AndroidManifest.xml:26:5-28:35
18        android:glEsVersion="0x00020000"
18-->[com.google.android.gms:play-services-maps:17.0.0] AndroidManifest.xml:27:9-41
19        android:required="true" />
19-->[com.google.android.gms:play-services-maps:17.0.0] AndroidManifest.xml:28:9-32
20
21    <application
21-->src/main/AndroidManifest.xml:6:5-28:19
22        android:name="com.awesometsproject.MainApplication"
22-->src/main/AndroidManifest.xml:7:7-38
23        android:allowBackup="false"
23-->src/main/AndroidManifest.xml:11:7-34
24        android:appComponentFactory="androidx.core.app.CoreComponentFactory"
24-->[androidx.core:core:1.5.0] AndroidManifest.xml:24:18-86
25        android:debuggable="true"
26        android:icon="@mipmap/ic_launcher"
26-->src/main/AndroidManifest.xml:9:7-41
27        android:label="@string/app_name"
27-->src/main/AndroidManifest.xml:8:7-39
28        android:roundIcon="@mipmap/ic_launcher_round"
28-->src/main/AndroidManifest.xml:10:7-52
29        android:theme="@style/AppTheme"
29-->src/main/AndroidManifest.xml:12:7-38
30        android:usesCleartextTraffic="true" >
30-->src/debug/AndroidManifest.xml:8:9-44
31        <activity android:name="com.facebook.react.devsupport.DevSettingsActivity" />
31-->src/debug/AndroidManifest.xml:11:9-86
31-->src/debug/AndroidManifest.xml:11:19-83
32
33        <meta-data
33-->src/main/AndroidManifest.xml:13:8-15:66
34            android:name="com.google.android.geo.API_KEY"
34-->src/main/AndroidManifest.xml:14:9-54
35            android:value="AIzaSyBre1ujUkcy54gv_Y434O6XlaHrI9wzC2E" />
35-->src/main/AndroidManifest.xml:15:9-64
36
37        <uses-library
37-->src/main/AndroidManifest.xml:16:9-87
38            android:name="org.apache.http.legacy"
38-->src/main/AndroidManifest.xml:16:23-60
39            android:required="false" />
39-->src/main/AndroidManifest.xml:16:61-85
40
41        <activity
41-->src/main/AndroidManifest.xml:17:7-27:18
42            android:name="com.awesometsproject.MainActivity"
42-->src/main/AndroidManifest.xml:18:9-37
43            android:configChanges="keyboard|keyboardHidden|orientation|screenSize|uiMode"
43-->src/main/AndroidManifest.xml:20:9-86
44            android:label="@string/app_name"
44-->src/main/AndroidManifest.xml:19:9-41
45            android:launchMode="singleTask"
45-->src/main/AndroidManifest.xml:21:9-40
46            android:windowSoftInputMode="stateAlwaysHidden | adjustPan" >
46-->src/main/AndroidManifest.xml:22:9-68
47            <intent-filter>
47-->src/main/AndroidManifest.xml:23:9-26:25
48                <action android:name="android.intent.action.MAIN" />
48-->src/main/AndroidManifest.xml:24:13-65
48-->src/main/AndroidManifest.xml:24:21-62
49
50                <category android:name="android.intent.category.LAUNCHER" />
50-->src/main/AndroidManifest.xml:25:13-73
50-->src/main/AndroidManifest.xml:25:23-70
51            </intent-filter>
52        </activity>
53        <activity
53-->[com.google.android.gms:play-services-base:17.2.1] AndroidManifest.xml:23:9-26:75
54            android:name="com.google.android.gms.common.api.GoogleApiActivity"
54-->[com.google.android.gms:play-services-base:17.2.1] AndroidManifest.xml:24:13-79
55            android:exported="false"
55-->[com.google.android.gms:play-services-base:17.2.1] AndroidManifest.xml:25:13-37
56            android:theme="@android:style/Theme.Translucent.NoTitleBar" />
56-->[com.google.android.gms:play-services-base:17.2.1] AndroidManifest.xml:26:13-72
57
58        <meta-data
58-->[com.google.android.gms:play-services-basement:17.2.1] AndroidManifest.xml:23:9-25:69
59            android:name="com.google.android.gms.version"
59-->[com.google.android.gms:play-services-basement:17.2.1] AndroidManifest.xml:24:13-58
60            android:value="@integer/google_play_services_version" />
60-->[com.google.android.gms:play-services-basement:17.2.1] AndroidManifest.xml:25:13-66
61    </application>
62
63</manifest>